---------------------------------------------------------------
[ 2018-06-29T16:16:29+08:00 ] 127.0.0.1 GET /trader
[ info ] www.gitcrm.com/trader [运行时间：0.128658s][吞吐率：7.77req/s] [内存消耗：2,350.63kb] [文件加载：57]
[ info ] [ LANG ] F:\gitcrm\admin\thinkphp\lang\zh-cn.php
[ info ] [ ROUTE ] array (
  'type' => 'module',
  'module' => 
  array (
    0 => 'trader',
    1 => NULL,
    2 => NULL,
  ),
)
[ info ] [ HEADER ] array (
  'cookie' => 'PHPSESSID=k2mbjrde2e9fl2ppt298ttmuf1',
  'accept-language' => 'zh-CN,zh;q=0.9',
  'accept-encoding' => 'gzip, deflate',
  'accept' => 'text/html,application/xhtml+xml,application/xml;q=0.9,image/webp,image/apng,*/*;q=0.8',
  'user-agent' => 'Mozilla/5.0 (Windows NT 10.0; Win64; x64) AppleWebKit/537.36 (KHTML, like Gecko) Chrome/66.0.3359.181 Safari/537.36',
  'upgrade-insecure-requests' => '1',
  'cache-control' => 'max-age=0',
  'connection' => 'close',
  'host' => 'www.gitcrm.com',
)
[ info ] [ PARAM ] array (
)
[ info ] [ SESSION ] INIT array (
  'id' => '',
  'var_session_id' => '',
  'prefix' => 'think',
  'type' => '',
  'auto_start' => true,
)
[ info ] [ DB ] INIT mysql
[ info ] [ RUN ] app\trader\controller\Index->index[ F:\gitcrm\admin\app\trader\controller\Index.php ]
[ info ] [ VIEW ] F:\gitcrm\admin\public/../app/trader\view\index\index.html [ array (
  0 => 'count',
) ]
[ info ] [ LOG ] INIT File
---------------------------------------------------------------
[ 2018-06-29T16:16:29+08:00 ] 127.0.0.1 GET /trader/Index/welcome
[ info ] www.gitcrm.com/trader/Index/welcome [运行时间：0.064450s][吞吐率：15.52req/s] [内存消耗：2,429.77kb] [文件加载：56]
[ info ] [ LANG ] F:\gitcrm\admin\thinkphp\lang\zh-cn.php
[ info ] [ ROUTE ] array (
  'type' => 'module',
  'module' => 
  array (
    0 => 'trader',
    1 => 'Index',
    2 => 'welcome',
  ),
)
[ info ] [ HEADER ] array (
  'cookie' => 'PHPSESSID=k2mbjrde2e9fl2ppt298ttmuf1',
  'accept-language' => 'zh-CN,zh;q=0.9',
  'accept-encoding' => 'gzip, deflate',
  'referer' => 'http://www.gitcrm.com/trader',
  'accept' => 'text/html,application/xhtml+xml,application/xml;q=0.9,image/webp,image/apng,*/*;q=0.8',
  'user-agent' => 'Mozilla/5.0 (Windows NT 10.0; Win64; x64) AppleWebKit/537.36 (KHTML, like Gecko) Chrome/66.0.3359.181 Safari/537.36',
  'upgrade-insecure-requests' => '1',
  'connection' => 'close',
  'host' => 'www.gitcrm.com',
)
[ info ] [ PARAM ] array (
)
[ info ] [ SESSION ] INIT array (
  'id' => '',
  'var_session_id' => '',
  'prefix' => 'think',
  'type' => '',
  'auto_start' => true,
)
[ info ] [ DB ] INIT mysql
[ info ] [ RUN ] app\trader\controller\Index->welcome[ F:\gitcrm\admin\app\trader\controller\Index.php ]
[ info ] [ VIEW ] F:\gitcrm\admin\public/../app/trader\view\index\index_v1.html [ array (
  0 => 'user_wallet',
  1 => 'profitTotal',
  2 => 'resSuccess',
  3 => 'resLotNum',
  4 => 'account',
) ]
[ info ] [ LOG ] INIT File
---------------------------------------------------------------
[ 2018-06-29T16:16:29+08:00 ] 127.0.0.1 GET /static/admin/css/bootstrap.min.css.map
[ info ] www.gitcrm.com/static/admin/css/bootstrap.min.css.map [运行时间：0.025414s][吞吐率：39.35req/s] [内存消耗：1,099.23kb] [文件加载：36]
[ info ] [ LANG ] F:\gitcrm\admin\thinkphp\lang\zh-cn.php
[ info ] [ ROUTE ] array (
  'type' => 'module',
  'module' => 
  array (
    0 => 'static',
    1 => 'admin',
    2 => 'css',
  ),
)
[ info ] [ HEADER ] array (
  'cookie' => 'PHPSESSID=k2mbjrde2e9fl2ppt298ttmuf1',
  'accept-language' => 'zh-CN,zh;q=0.9',
  'accept-encoding' => 'gzip, deflate',
  'user-agent' => 'Mozilla/5.0 (Windows NT 10.0; Win64; x64) AppleWebKit/537.36 (KHTML, like Gecko) Chrome/66.0.3359.181 Safari/537.36',
  'connection' => 'close',
  'host' => 'www.gitcrm.com',
)
[ info ] [ PARAM ] array (
)
[ info ] [ LOG ] INIT File
---------------------------------------------------------------
[ 2018-06-29T16:16:29+08:00 ] 127.0.0.1 GET /static/admin/css/bootstrap.min.css.map
[ info ] www.gitcrm.com/static/admin/css/bootstrap.min.css.map [运行时间：0.022493s][吞吐率：44.46req/s] [内存消耗：1,099.23kb] [文件加载：36]
[ info ] [ LANG ] F:\gitcrm\admin\thinkphp\lang\zh-cn.php
[ info ] [ ROUTE ] array (
  'type' => 'module',
  'module' => 
  array (
    0 => 'static',
    1 => 'admin',
    2 => 'css',
  ),
)
[ info ] [ HEADER ] array (
  'cookie' => 'PHPSESSID=k2mbjrde2e9fl2ppt298ttmuf1',
  'accept-language' => 'zh-CN,zh;q=0.9',
  'accept-encoding' => 'gzip, deflate',
  'user-agent' => 'Mozilla/5.0 (Windows NT 10.0; Win64; x64) AppleWebKit/537.36 (KHTML, like Gecko) Chrome/66.0.3359.181 Safari/537.36',
  'connection' => 'close',
  'host' => 'www.gitcrm.com',
)
[ info ] [ PARAM ] array (
)
[ info ] [ LOG ] INIT File
---------------------------------------------------------------
[ 2018-06-29T16:16:30+08:00 ] 127.0.0.1 GET /trader/index/getdate_list.html
[ info ] www.gitcrm.com/trader/index/getdate_list.html [运行时间：0.053995s][吞吐率：18.52req/s] [内存消耗：2,171.53kb] [文件加载：54]
[ info ] [ LANG ] F:\gitcrm\admin\thinkphp\lang\zh-cn.php
[ info ] [ ROUTE ] array (
  'type' => 'module',
  'module' => 
  array (
    0 => 'trader',
    1 => 'index',
    2 => 'getdate_list',
  ),
)
[ info ] [ HEADER ] array (
  'cookie' => 'PHPSESSID=k2mbjrde2e9fl2ppt298ttmuf1',
  'accept-language' => 'zh-CN,zh;q=0.9',
  'accept-encoding' => 'gzip, deflate',
  'referer' => 'http://www.gitcrm.com/trader/Index/welcome',
  'user-agent' => 'Mozilla/5.0 (Windows NT 10.0; Win64; x64) AppleWebKit/537.36 (KHTML, like Gecko) Chrome/66.0.3359.181 Safari/537.36',
  'x-requested-with' => 'XMLHttpRequest',
  'accept' => '*/*',
  'connection' => 'close',
  'host' => 'www.gitcrm.com',
)
[ info ] [ PARAM ] array (
)
[ info ] [ SESSION ] INIT array (
  'id' => '',
  'var_session_id' => '',
  'prefix' => 'think',
  'type' => '',
  'auto_start' => true,
)
[ info ] [ DB ] INIT mysql
[ info ] [ RUN ] app\trader\controller\Index->getDate_List[ F:\gitcrm\admin\app\trader\controller\Index.php ]
[ info ] [ LOG ] INIT File
---------------------------------------------------------------
[ 2018-06-29T16:17:09+08:00 ] 127.0.0.1 GET /trader
[ info ] www.gitcrm.com/trader [运行时间：0.075052s][吞吐率：13.32req/s] [内存消耗：2,324.95kb] [文件加载：55]
[ info ] [ LANG ] F:\gitcrm\admin\thinkphp\lang\zh-cn.php
[ info ] [ ROUTE ] array (
  'type' => 'module',
  'module' => 
  array (
    0 => 'trader',
    1 => NULL,
    2 => NULL,
  ),
)
[ info ] [ HEADER ] array (
  'cookie' => 'PHPSESSID=k2mbjrde2e9fl2ppt298ttmuf1',
  'accept-language' => 'zh-CN,zh;q=0.9',
  'accept-encoding' => 'gzip, deflate',
  'accept' => 'text/html,application/xhtml+xml,application/xml;q=0.9,image/webp,image/apng,*/*;q=0.8',
  'user-agent' => 'Mozilla/5.0 (Windows NT 10.0; Win64; x64) AppleWebKit/537.36 (KHTML, like Gecko) Chrome/66.0.3359.181 Safari/537.36',
  'upgrade-insecure-requests' => '1',
  'cache-control' => 'max-age=0',
  'connection' => 'close',
  'host' => 'www.gitcrm.com',
)
[ info ] [ PARAM ] array (
)
[ info ] [ SESSION ] INIT array (
  'id' => '',
  'var_session_id' => '',
  'prefix' => 'think',
  'type' => '',
  'auto_start' => true,
)
[ info ] [ DB ] INIT mysql
[ info ] [ RUN ] app\trader\controller\Index->index[ F:\gitcrm\admin\app\trader\controller\Index.php ]
[ info ] [ VIEW ] F:\gitcrm\admin\public/../app/trader\view\index\index.html [ array (
  0 => 'count',
) ]
[ info ] [ LOG ] INIT File
---------------------------------------------------------------
[ 2018-06-29T16:17:09+08:00 ] 127.0.0.1 GET /trader/Index/welcome
[ info ] www.gitcrm.com/trader/Index/welcome [运行时间：0.070461s][吞吐率：14.19req/s] [内存消耗：2,371.50kb] [文件加载：54]
[ info ] [ LANG ] F:\gitcrm\admin\thinkphp\lang\zh-cn.php
[ info ] [ ROUTE ] array (
  'type' => 'module',
  'module' => 
  array (
    0 => 'trader',
    1 => 'Index',
    2 => 'welcome',
  ),
)
[ info ] [ HEADER ] array (
  'cookie' => 'PHPSESSID=k2mbjrde2e9fl2ppt298ttmuf1',
  'accept-language' => 'zh-CN,zh;q=0.9',
  'accept-encoding' => 'gzip, deflate',
  'referer' => 'http://www.gitcrm.com/trader',
  'accept' => 'text/html,application/xhtml+xml,application/xml;q=0.9,image/webp,image/apng,*/*;q=0.8',
  'user-agent' => 'Mozilla/5.0 (Windows NT 10.0; Win64; x64) AppleWebKit/537.36 (KHTML, like Gecko) Chrome/66.0.3359.181 Safari/537.36',
  'upgrade-insecure-requests' => '1',
  'connection' => 'close',
  'host' => 'www.gitcrm.com',
)
[ info ] [ PARAM ] array (
)
[ info ] [ SESSION ] INIT array (
  'id' => '',
  'var_session_id' => '',
  'prefix' => 'think',
  'type' => '',
  'auto_start' => true,
)
[ info ] [ DB ] INIT mysql
[ info ] [ RUN ] app\trader\controller\Index->welcome[ F:\gitcrm\admin\app\trader\controller\Index.php ]
[ info ] [ VIEW ] F:\gitcrm\admin\public/../app/trader\view\index\index_v1.html [ array (
  0 => 'user_wallet',
  1 => 'profitTotal',
  2 => 'resSuccess',
  3 => 'resLotNum',
  4 => 'account',
) ]
[ info ] [ LOG ] INIT File
---------------------------------------------------------------
[ 2018-06-29T16:17:10+08:00 ] 127.0.0.1 GET /static/admin/css/bootstrap.min.css.map
[ info ] www.gitcrm.com/static/admin/css/bootstrap.min.css.map [运行时间：0.034013s][吞吐率：29.40req/s] [内存消耗：1,125.89kb] [文件加载：36]
[ info ] [ LANG ] F:\gitcrm\admin\thinkphp\lang\zh-cn.php
[ info ] [ ROUTE ] array (
  'type' => 'module',
  'module' => 
  array (
    0 => 'static',
    1 => 'admin',
    2 => 'css',
  ),
)
[ info ] [ HEADER ] array (
  'cookie' => 'PHPSESSID=k2mbjrde2e9fl2ppt298ttmuf1',
  'accept-language' => 'zh-CN,zh;q=0.9',
  'accept-encoding' => 'gzip, deflate',
  'user-agent' => 'Mozilla/5.0 (Windows NT 10.0; Win64; x64) AppleWebKit/537.36 (KHTML, like Gecko) Chrome/66.0.3359.181 Safari/537.36',
  'connection' => 'close',
  'host' => 'www.gitcrm.com',
)
[ info ] [ PARAM ] array (
)
[ info ] [ LOG ] INIT File
---------------------------------------------------------------
[ 2018-06-29T16:17:10+08:00 ] 127.0.0.1 GET /static/admin/css/bootstrap.min.css.map
[ info ] www.gitcrm.com/static/admin/css/bootstrap.min.css.map [运行时间：0.024924s][吞吐率：40.12req/s] [内存消耗：1,125.89kb] [文件加载：36]
[ info ] [ LANG ] F:\gitcrm\admin\thinkphp\lang\zh-cn.php
[ info ] [ ROUTE ] array (
  'type' => 'module',
  'module' => 
  array (
    0 => 'static',
    1 => 'admin',
    2 => 'css',
  ),
)
[ info ] [ HEADER ] array (
  'cookie' => 'PHPSESSID=k2mbjrde2e9fl2ppt298ttmuf1',
  'accept-language' => 'zh-CN,zh;q=0.9',
  'accept-encoding' => 'gzip, deflate',
  'user-agent' => 'Mozilla/5.0 (Windows NT 10.0; Win64; x64) AppleWebKit/537.36 (KHTML, like Gecko) Chrome/66.0.3359.181 Safari/537.36',
  'connection' => 'close',
  'host' => 'www.gitcrm.com',
)
[ info ] [ PARAM ] array (
)
[ info ] [ LOG ] INIT File
---------------------------------------------------------------
[ 2018-06-29T16:17:10+08:00 ] 127.0.0.1 GET /trader/index/getdate_list.html
[ info ] www.gitcrm.com/trader/index/getdate_list.html [运行时间：0.159532s][吞吐率：6.27req/s] [内存消耗：2,307.93kb] [文件加载：56]
[ error ] [2]A non-numeric value encountered[F:\gitcrm\admin\app\trader\controller\Index.php:107]
[ info ] [ LANG ] F:\gitcrm\admin\thinkphp\lang\zh-cn.php
[ info ] [ ROUTE ] array (
  'type' => 'module',
  'module' => 
  array (
    0 => 'trader',
    1 => 'index',
    2 => 'getdate_list',
  ),
)
[ info ] [ HEADER ] array (
  'cookie' => 'PHPSESSID=k2mbjrde2e9fl2ppt298ttmuf1',
  'accept-language' => 'zh-CN,zh;q=0.9',
  'accept-encoding' => 'gzip, deflate',
  'referer' => 'http://www.gitcrm.com/trader/Index/welcome',
  'user-agent' => 'Mozilla/5.0 (Windows NT 10.0; Win64; x64) AppleWebKit/537.36 (KHTML, like Gecko) Chrome/66.0.3359.181 Safari/537.36',
  'x-requested-with' => 'XMLHttpRequest',
  'accept' => '*/*',
  'connection' => 'close',
  'host' => 'www.gitcrm.com',
)
[ info ] [ PARAM ] array (
)
[ info ] [ SESSION ] INIT array (
  'id' => '',
  'var_session_id' => '',
  'prefix' => 'think',
  'type' => '',
  'auto_start' => true,
)
[ info ] [ DB ] INIT mysql
[ info ] [ RUN ] app\trader\controller\Index->getDate_List[ F:\gitcrm\admin\app\trader\controller\Index.php ]
[ info ] [ LOG ] INIT File
---------------------------------------------------------------
[ 2018-06-29T16:17:25+08:00 ] 127.0.0.1 GET /trader
[ info ] www.gitcrm.com/trader [运行时间：0.073400s][吞吐率：13.62req/s] [内存消耗：2,324.95kb] [文件加载：55]
[ info ] [ LANG ] F:\gitcrm\admin\thinkphp\lang\zh-cn.php
[ info ] [ ROUTE ] array (
  'type' => 'module',
  'module' => 
  array (
    0 => 'trader',
    1 => NULL,
    2 => NULL,
  ),
)
[ info ] [ HEADER ] array (
  'cookie' => 'PHPSESSID=k2mbjrde2e9fl2ppt298ttmuf1',
  'accept-language' => 'zh-CN,zh;q=0.9',
  'accept-encoding' => 'gzip, deflate',
  'accept' => 'text/html,application/xhtml+xml,application/xml;q=0.9,image/webp,image/apng,*/*;q=0.8',
  'user-agent' => 'Mozilla/5.0 (Windows NT 10.0; Win64; x64) AppleWebKit/537.36 (KHTML, like Gecko) Chrome/66.0.3359.181 Safari/537.36',
  'upgrade-insecure-requests' => '1',
  'cache-control' => 'max-age=0',
  'connection' => 'close',
  'host' => 'www.gitcrm.com',
)
[ info ] [ PARAM ] array (
)
[ info ] [ SESSION ] INIT array (
  'id' => '',
  'var_session_id' => '',
  'prefix' => 'think',
  'type' => '',
  'auto_start' => true,
)
[ info ] [ DB ] INIT mysql
[ info ] [ RUN ] app\trader\controller\Index->index[ F:\gitcrm\admin\app\trader\controller\Index.php ]
[ info ] [ VIEW ] F:\gitcrm\admin\public/../app/trader\view\index\index.html [ array (
  0 => 'count',
) ]
[ info ] [ LOG ] INIT File
---------------------------------------------------------------
[ 2018-06-29T16:17:25+08:00 ] 127.0.0.1 GET /trader/Index/welcome
[ info ] www.gitcrm.com/trader/Index/welcome [运行时间：0.074972s][吞吐率：13.34req/s] [内存消耗：2,371.50kb] [文件加载：54]
[ info ] [ LANG ] F:\gitcrm\admin\thinkphp\lang\zh-cn.php
[ info ] [ ROUTE ] array (
  'type' => 'module',
  'module' => 
  array (
    0 => 'trader',
    1 => 'Index',
    2 => 'welcome',
  ),
)
[ info ] [ HEADER ] array (
  'cookie' => 'PHPSESSID=k2mbjrde2e9fl2ppt298ttmuf1',
  'accept-language' => 'zh-CN,zh;q=0.9',
  'accept-encoding' => 'gzip, deflate',
  'referer' => 'http://www.gitcrm.com/trader',
  'accept' => 'text/html,application/xhtml+xml,application/xml;q=0.9,image/webp,image/apng,*/*;q=0.8',
  'user-agent' => 'Mozilla/5.0 (Windows NT 10.0; Win64; x64) AppleWebKit/537.36 (KHTML, like Gecko) Chrome/66.0.3359.181 Safari/537.36',
  'upgrade-insecure-requests' => '1',
  'connection' => 'close',
  'host' => 'www.gitcrm.com',
)
[ info ] [ PARAM ] array (
)
[ info ] [ SESSION ] INIT array (
  'id' => '',
  'var_session_id' => '',
  'prefix' => 'think',
  'type' => '',
  'auto_start' => true,
)
[ info ] [ DB ] INIT mysql
[ info ] [ RUN ] app\trader\controller\Index->welcome[ F:\gitcrm\admin\app\trader\controller\Index.php ]
[ info ] [ VIEW ] F:\gitcrm\admin\public/../app/trader\view\index\index_v1.html [ array (
  0 => 'user_wallet',
  1 => 'profitTotal',
  2 => 'resSuccess',
  3 => 'resLotNum',
  4 => 'account',
) ]
[ info ] [ LOG ] INIT File
---------------------------------------------------------------
[ 2018-06-29T16:17:25+08:00 ] 127.0.0.1 GET /static/admin/css/bootstrap.min.css.map
[ info ] www.gitcrm.com/static/admin/css/bootstrap.min.css.map [运行时间：0.027697s][吞吐率：36.11req/s] [内存消耗：1,125.89kb] [文件加载：36]
[ info ] [ LANG ] F:\gitcrm\admin\thinkphp\lang\zh-cn.php
[ info ] [ ROUTE ] array (
  'type' => 'module',
  'module' => 
  array (
    0 => 'static',
    1 => 'admin',
    2 => 'css',
  ),
)
[ info ] [ HEADER ] array (
  'cookie' => 'PHPSESSID=k2mbjrde2e9fl2ppt298ttmuf1',
  'accept-language' => 'zh-CN,zh;q=0.9',
  'accept-encoding' => 'gzip, deflate',
  'user-agent' => 'Mozilla/5.0 (Windows NT 10.0; Win64; x64) AppleWebKit/537.36 (KHTML, like Gecko) Chrome/66.0.3359.181 Safari/537.36',
  'connection' => 'close',
  'host' => 'www.gitcrm.com',
)
[ info ] [ PARAM ] array (
)
[ info ] [ LOG ] INIT File
---------------------------------------------------------------
[ 2018-06-29T16:17:25+08:00 ] 127.0.0.1 GET /static/admin/css/bootstrap.min.css.map
[ info ] www.gitcrm.com/static/admin/css/bootstrap.min.css.map [运行时间：0.028758s][吞吐率：34.77req/s] [内存消耗：1,125.89kb] [文件加载：36]
[ info ] [ LANG ] F:\gitcrm\admin\thinkphp\lang\zh-cn.php
[ info ] [ ROUTE ] array (
  'type' => 'module',
  'module' => 
  array (
    0 => 'static',
    1 => 'admin',
    2 => 'css',
  ),
)
[ info ] [ HEADER ] array (
  'cookie' => 'PHPSESSID=k2mbjrde2e9fl2ppt298ttmuf1',
  'accept-language' => 'zh-CN,zh;q=0.9',
  'accept-encoding' => 'gzip, deflate',
  'user-agent' => 'Mozilla/5.0 (Windows NT 10.0; Win64; x64) AppleWebKit/537.36 (KHTML, like Gecko) Chrome/66.0.3359.181 Safari/537.36',
  'connection' => 'close',
  'host' => 'www.gitcrm.com',
)
[ info ] [ PARAM ] array (
)
[ info ] [ LOG ] INIT File
---------------------------------------------------------------
[ 2018-06-29T16:17:25+08:00 ] 127.0.0.1 GET /trader/index/getdate_list.html
[ info ] www.gitcrm.com/trader/index/getdate_list.html [运行时间：0.082136s][吞吐率：12.17req/s] [内存消耗：2,307.93kb] [文件加载：56]
[ error ] [2]A non-numeric value encountered[F:\gitcrm\admin\app\trader\controller\Index.php:107]
[ info ] [ LANG ] F:\gitcrm\admin\thinkphp\lang\zh-cn.php
[ info ] [ ROUTE ] array (
  'type' => 'module',
  'module' => 
  array (
    0 => 'trader',
    1 => 'index',
    2 => 'getdate_list',
  ),
)
[ info ] [ HEADER ] array (
  'cookie' => 'PHPSESSID=k2mbjrde2e9fl2ppt298ttmuf1',
  'accept-language' => 'zh-CN,zh;q=0.9',
  'accept-encoding' => 'gzip, deflate',
  'referer' => 'http://www.gitcrm.com/trader/Index/welcome',
  'user-agent' => 'Mozilla/5.0 (Windows NT 10.0; Win64; x64) AppleWebKit/537.36 (KHTML, like Gecko) Chrome/66.0.3359.181 Safari/537.36',
  'x-requested-with' => 'XMLHttpRequest',
  'accept' => '*/*',
  'connection' => 'close',
  'host' => 'www.gitcrm.com',
)
[ info ] [ PARAM ] array (
)
[ info ] [ SESSION ] INIT array (
  'id' => '',
  'var_session_id' => '',
  'prefix' => 'think',
  'type' => '',
  'auto_start' => true,
)
[ info ] [ DB ] INIT mysql
[ info ] [ RUN ] app\trader\controller\Index->getDate_List[ F:\gitcrm\admin\app\trader\controller\Index.php ]
[ info ] [ LOG ] INIT File
---------------------------------------------------------------
[ 2018-06-29T16:18:37+08:00 ] 127.0.0.1 GET /trader
[ info ] www.gitcrm.com/trader [运行时间：0.077336s][吞吐率：12.93req/s] [内存消耗：2,325.00kb] [文件加载：55]
[ info ] [ LANG ] F:\gitcrm\admin\thinkphp\lang\zh-cn.php
[ info ] [ ROUTE ] array (
  'type' => 'module',
  'module' => 
  array (
    0 => 'trader',
    1 => NULL,
    2 => NULL,
  ),
)
[ info ] [ HEADER ] array (
  'cookie' => 'PHPSESSID=k2mbjrde2e9fl2ppt298ttmuf1',
  'accept-language' => 'zh-CN,zh;q=0.9',
  'accept-encoding' => 'gzip, deflate',
  'accept' => 'text/html,application/xhtml+xml,application/xml;q=0.9,image/webp,image/apng,*/*;q=0.8',
  'user-agent' => 'Mozilla/5.0 (Windows NT 10.0; Win64; x64) AppleWebKit/537.36 (KHTML, like Gecko) Chrome/66.0.3359.181 Safari/537.36',
  'upgrade-insecure-requests' => '1',
  'cache-control' => 'max-age=0',
  'connection' => 'close',
  'host' => 'www.gitcrm.com',
)
[ info ] [ PARAM ] array (
)
[ info ] [ SESSION ] INIT array (
  'id' => '',
  'var_session_id' => '',
  'prefix' => 'think',
  'type' => '',
  'auto_start' => true,
)
[ info ] [ DB ] INIT mysql
[ info ] [ RUN ] app\trader\controller\Index->index[ F:\gitcrm\admin\app\trader\controller\Index.php ]
[ info ] [ VIEW ] F:\gitcrm\admin\public/../app/trader\view\index\index.html [ array (
  0 => 'count',
) ]
[ info ] [ LOG ] INIT File
---------------------------------------------------------------
[ 2018-06-29T16:18:37+08:00 ] 127.0.0.1 GET /trader/Index/welcome
[ info ] www.gitcrm.com/trader/Index/welcome [运行时间：0.067133s][吞吐率：14.90req/s] [内存消耗：2,371.55kb] [文件加载：54]
[ info ] [ LANG ] F:\gitcrm\admin\thinkphp\lang\zh-cn.php
[ info ] [ ROUTE ] array (
  'type' => 'module',
  'module' => 
  array (
    0 => 'trader',
    1 => 'Index',
    2 => 'welcome',
  ),
)
[ info ] [ HEADER ] array (
  'cookie' => 'PHPSESSID=k2mbjrde2e9fl2ppt298ttmuf1',
  'accept-language' => 'zh-CN,zh;q=0.9',
  'accept-encoding' => 'gzip, deflate',
  'referer' => 'http://www.gitcrm.com/trader',
  'accept' => 'text/html,application/xhtml+xml,application/xml;q=0.9,image/webp,image/apng,*/*;q=0.8',
  'user-agent' => 'Mozilla/5.0 (Windows NT 10.0; Win64; x64) AppleWebKit/537.36 (KHTML, like Gecko) Chrome/66.0.3359.181 Safari/537.36',
  'upgrade-insecure-requests' => '1',
  'connection' => 'close',
  'host' => 'www.gitcrm.com',
)
[ info ] [ PARAM ] array (
)
[ info ] [ SESSION ] INIT array (
  'id' => '',
  'var_session_id' => '',
  'prefix' => 'think',
  'type' => '',
  'auto_start' => true,
)
[ info ] [ DB ] INIT mysql
[ info ] [ RUN ] app\trader\controller\Index->welcome[ F:\gitcrm\admin\app\trader\controller\Index.php ]
[ info ] [ VIEW ] F:\gitcrm\admin\public/../app/trader\view\index\index_v1.html [ array (
  0 => 'user_wallet',
  1 => 'profitTotal',
  2 => 'resSuccess',
  3 => 'resLotNum',
  4 => 'account',
) ]
[ info ] [ LOG ] INIT File
---------------------------------------------------------------
[ 2018-06-29T16:18:37+08:00 ] 127.0.0.1 GET /static/admin/css/bootstrap.min.css.map
[ info ] www.gitcrm.com/static/admin/css/bootstrap.min.css.map [运行时间：0.030061s][吞吐率：33.27req/s] [内存消耗：1,125.89kb] [文件加载：36]
[ info ] [ LANG ] F:\gitcrm\admin\thinkphp\lang\zh-cn.php
[ info ] [ ROUTE ] array (
  'type' => 'module',
  'module' => 
  array (
    0 => 'static',
    1 => 'admin',
    2 => 'css',
  ),
)
[ info ] [ HEADER ] array (
  'cookie' => 'PHPSESSID=k2mbjrde2e9fl2ppt298ttmuf1',
  'accept-language' => 'zh-CN,zh;q=0.9',
  'accept-encoding' => 'gzip, deflate',
  'user-agent' => 'Mozilla/5.0 (Windows NT 10.0; Win64; x64) AppleWebKit/537.36 (KHTML, like Gecko) Chrome/66.0.3359.181 Safari/537.36',
  'connection' => 'close',
  'host' => 'www.gitcrm.com',
)
[ info ] [ PARAM ] array (
)
[ info ] [ LOG ] INIT File
---------------------------------------------------------------
[ 2018-06-29T16:18:37+08:00 ] 127.0.0.1 GET /static/admin/css/bootstrap.min.css.map
[ info ] www.gitcrm.com/static/admin/css/bootstrap.min.css.map [运行时间：0.023864s][吞吐率：41.90req/s] [内存消耗：1,125.89kb] [文件加载：36]
[ info ] [ LANG ] F:\gitcrm\admin\thinkphp\lang\zh-cn.php
[ info ] [ ROUTE ] array (
  'type' => 'module',
  'module' => 
  array (
    0 => 'static',
    1 => 'admin',
    2 => 'css',
  ),
)
[ info ] [ HEADER ] array (
  'cookie' => 'PHPSESSID=k2mbjrde2e9fl2ppt298ttmuf1',
  'accept-language' => 'zh-CN,zh;q=0.9',
  'accept-encoding' => 'gzip, deflate',
  'user-agent' => 'Mozilla/5.0 (Windows NT 10.0; Win64; x64) AppleWebKit/537.36 (KHTML, like Gecko) Chrome/66.0.3359.181 Safari/537.36',
  'connection' => 'close',
  'host' => 'www.gitcrm.com',
)
[ info ] [ PARAM ] array (
)
[ info ] [ LOG ] INIT File
---------------------------------------------------------------
[ 2018-06-29T16:18:38+08:00 ] 127.0.0.1 GET /trader/index/getdate_list.html
[ info ] www.gitcrm.com/trader/index/getdate_list.html [运行时间：0.119511s][吞吐率：8.37req/s] [内存消耗：2,306.26kb] [文件加载：55]
[ error ] [0]致命错误: Call to undefined function app\trader\controller\float()[F:\gitcrm\admin\app\trader\controller\Index.php:107]
[ info ] [ LANG ] F:\gitcrm\admin\thinkphp\lang\zh-cn.php
[ info ] [ ROUTE ] array (
  'type' => 'module',
  'module' => 
  array (
    0 => 'trader',
    1 => 'index',
    2 => 'getdate_list',
  ),
)
[ info ] [ HEADER ] array (
  'cookie' => 'PHPSESSID=k2mbjrde2e9fl2ppt298ttmuf1',
  'accept-language' => 'zh-CN,zh;q=0.9',
  'accept-encoding' => 'gzip, deflate',
  'referer' => 'http://www.gitcrm.com/trader/Index/welcome',
  'user-agent' => 'Mozilla/5.0 (Windows NT 10.0; Win64; x64) AppleWebKit/537.36 (KHTML, like Gecko) Chrome/66.0.3359.181 Safari/537.36',
  'x-requested-with' => 'XMLHttpRequest',
  'accept' => '*/*',
  'connection' => 'close',
  'host' => 'www.gitcrm.com',
)
[ info ] [ PARAM ] array (
)
[ info ] [ SESSION ] INIT array (
  'id' => '',
  'var_session_id' => '',
  'prefix' => 'think',
  'type' => '',
  'auto_start' => true,
)
[ info ] [ DB ] INIT mysql
[ info ] [ RUN ] app\trader\controller\Index->getDate_List[ F:\gitcrm\admin\app\trader\controller\Index.php ]
[ info ] [ LOG ] INIT File
---------------------------------------------------------------
[ 2018-06-29T16:19:30+08:00 ] 127.0.0.1 GET /trader
[ info ] www.gitcrm.com/trader [运行时间：0.075584s][吞吐率：13.23req/s] [内存消耗：2,325.00kb] [文件加载：55]
[ info ] [ LANG ] F:\gitcrm\admin\thinkphp\lang\zh-cn.php
[ info ] [ ROUTE ] array (
  'type' => 'module',
  'module' => 
  array (
    0 => 'trader',
    1 => NULL,
    2 => NULL,
  ),
)
[ info ] [ HEADER ] array (
  'cookie' => 'PHPSESSID=k2mbjrde2e9fl2ppt298ttmuf1',
  'accept-language' => 'zh-CN,zh;q=0.9',
  'accept-encoding' => 'gzip, deflate',
  'accept' => 'text/html,application/xhtml+xml,application/xml;q=0.9,image/webp,image/apng,*/*;q=0.8',
  'user-agent' => 'Mozilla/5.0 (Windows NT 10.0; Win64; x64) AppleWebKit/537.36 (KHTML, like Gecko) Chrome/66.0.3359.181 Safari/537.36',
  'upgrade-insecure-requests' => '1',
  'cache-control' => 'max-age=0',
  'connection' => 'close',
  'host' => 'www.gitcrm.com',
)
[ info ] [ PARAM ] array (
)
[ info ] [ SESSION ] INIT array (
  'id' => '',
  'var_session_id' => '',
  'prefix' => 'think',
  'type' => '',
  'auto_start' => true,
)
[ info ] [ DB ] INIT mysql
[ info ] [ RUN ] app\trader\controller\Index->index[ F:\gitcrm\admin\app\trader\controller\Index.php ]
[ info ] [ VIEW ] F:\gitcrm\admin\public/../app/trader\view\index\index.html [ array (
  0 => 'count',
) ]
[ info ] [ LOG ] INIT File
---------------------------------------------------------------
[ 2018-06-29T16:19:30+08:00 ] 127.0.0.1 GET /trader/Index/welcome
[ info ] www.gitcrm.com/trader/Index/welcome [运行时间：0.067980s][吞吐率：14.71req/s] [内存消耗：2,371.55kb] [文件加载：54]
[ info ] [ LANG ] F:\gitcrm\admin\thinkphp\lang\zh-cn.php
[ info ] [ ROUTE ] array (
  'type' => 'module',
  'module' => 
  array (
    0 => 'trader',
    1 => 'Index',
    2 => 'welcome',
  ),
)
[ info ] [ HEADER ] array (
  'cookie' => 'PHPSESSID=k2mbjrde2e9fl2ppt298ttmuf1',
  'accept-language' => 'zh-CN,zh;q=0.9',
  'accept-encoding' => 'gzip, deflate',
  'referer' => 'http://www.gitcrm.com/trader',
  'accept' => 'text/html,application/xhtml+xml,application/xml;q=0.9,image/webp,image/apng,*/*;q=0.8',
  'user-agent' => 'Mozilla/5.0 (Windows NT 10.0; Win64; x64) AppleWebKit/537.36 (KHTML, like Gecko) Chrome/66.0.3359.181 Safari/537.36',
  'upgrade-insecure-requests' => '1',
  'connection' => 'close',
  'host' => 'www.gitcrm.com',
)
[ info ] [ PARAM ] array (
)
[ info ] [ SESSION ] INIT array (
  'id' => '',
  'var_session_id' => '',
  'prefix' => 'think',
  'type' => '',
  'auto_start' => true,
)
[ info ] [ DB ] INIT mysql
[ info ] [ RUN ] app\trader\controller\Index->welcome[ F:\gitcrm\admin\app\trader\controller\Index.php ]
[ info ] [ VIEW ] F:\gitcrm\admin\public/../app/trader\view\index\index_v1.html [ array (
  0 => 'user_wallet',
  1 => 'profitTotal',
  2 => 'resSuccess',
  3 => 'resLotNum',
  4 => 'account',
) ]
[ info ] [ LOG ] INIT File
---------------------------------------------------------------
[ 2018-06-29T16:19:30+08:00 ] 127.0.0.1 GET /static/admin/css/bootstrap.min.css.map
[ info ] www.gitcrm.com/static/admin/css/bootstrap.min.css.map [运行时间：0.032591s][吞吐率：30.68req/s] [内存消耗：1,125.89kb] [文件加载：36]
[ info ] [ LANG ] F:\gitcrm\admin\thinkphp\lang\zh-cn.php
[ info ] [ ROUTE ] array (
  'type' => 'module',
  'module' => 
  array (
    0 => 'static',
    1 => 'admin',
    2 => 'css',
  ),
)
[ info ] [ HEADER ] array (
  'cookie' => 'PHPSESSID=k2mbjrde2e9fl2ppt298ttmuf1',
  'accept-language' => 'zh-CN,zh;q=0.9',
  'accept-encoding' => 'gzip, deflate',
  'user-agent' => 'Mozilla/5.0 (Windows NT 10.0; Win64; x64) AppleWebKit/537.36 (KHTML, like Gecko) Chrome/66.0.3359.181 Safari/537.36',
  'connection' => 'close',
  'host' => 'www.gitcrm.com',
)
[ info ] [ PARAM ] array (
)
[ info ] [ LOG ] INIT File
---------------------------------------------------------------
[ 2018-06-29T16:19:30+08:00 ] 127.0.0.1 GET /static/admin/css/bootstrap.min.css.map
[ info ] www.gitcrm.com/static/admin/css/bootstrap.min.css.map [运行时间：0.028503s][吞吐率：35.08req/s] [内存消耗：1,125.89kb] [文件加载：36]
[ info ] [ LANG ] F:\gitcrm\admin\thinkphp\lang\zh-cn.php
[ info ] [ ROUTE ] array (
  'type' => 'module',
  'module' => 
  array (
    0 => 'static',
    1 => 'admin',
    2 => 'css',
  ),
)
[ info ] [ HEADER ] array (
  'cookie' => 'PHPSESSID=k2mbjrde2e9fl2ppt298ttmuf1',
  'accept-language' => 'zh-CN,zh;q=0.9',
  'accept-encoding' => 'gzip, deflate',
  'user-agent' => 'Mozilla/5.0 (Windows NT 10.0; Win64; x64) AppleWebKit/537.36 (KHTML, like Gecko) Chrome/66.0.3359.181 Safari/537.36',
  'connection' => 'close',
  'host' => 'www.gitcrm.com',
)
[ info ] [ PARAM ] array (
)
[ info ] [ LOG ] INIT File
---------------------------------------------------------------
[ 2018-06-29T16:19:31+08:00 ] 127.0.0.1 GET /trader/index/getdate_list.html
[ info ] www.gitcrm.com/trader/index/getdate_list.html [运行时间：0.073169s][吞吐率：13.67req/s] [内存消耗：2,307.98kb] [文件加载：56]
[ error ] [2]A non-numeric value encountered[F:\gitcrm\admin\app\trader\controller\Index.php:108]
[ info ] [ LANG ] F:\gitcrm\admin\thinkphp\lang\zh-cn.php
[ info ] [ ROUTE ] array (
  'type' => 'module',
  'module' => 
  array (
    0 => 'trader',
    1 => 'index',
    2 => 'getdate_list',
  ),
)
[ info ] [ HEADER ] array (
  'cookie' => 'PHPSESSID=k2mbjrde2e9fl2ppt298ttmuf1',
  'accept-language' => 'zh-CN,zh;q=0.9',
  'accept-encoding' => 'gzip, deflate',
  'referer' => 'http://www.gitcrm.com/trader/Index/welcome',
  'user-agent' => 'Mozilla/5.0 (Windows NT 10.0; Win64; x64) AppleWebKit/537.36 (KHTML, like Gecko) Chrome/66.0.3359.181 Safari/537.36',
  'x-requested-with' => 'XMLHttpRequest',
  'accept' => '*/*',
  'connection' => 'close',
  'host' => 'www.gitcrm.com',
)
[ info ] [ PARAM ] array (
)
[ info ] [ SESSION ] INIT array (
  'id' => '',
  'var_session_id' => '',
  'prefix' => 'think',
  'type' => '',
  'auto_start' => true,
)
[ info ] [ DB ] INIT mysql
[ info ] [ RUN ] app\trader\controller\Index->getDate_List[ F:\gitcrm\admin\app\trader\controller\Index.php ]
[ info ] [ LOG ] INIT File
---------------------------------------------------------------
[ 2018-06-29T16:20:04+08:00 ] 127.0.0.1 GET /trader
[ info ] www.gitcrm.com/trader [运行时间：0.070896s][吞吐率：14.11req/s] [内存消耗：2,325.00kb] [文件加载：55]
[ info ] [ LANG ] F:\gitcrm\admin\thinkphp\lang\zh-cn.php
[ info ] [ ROUTE ] array (
  'type' => 'module',
  'module' => 
  array (
    0 => 'trader',
    1 => NULL,
    2 => NULL,
  ),
)
[ info ] [ HEADER ] array (
  'cookie' => 'PHPSESSID=k2mbjrde2e9fl2ppt298ttmuf1',
  'accept-language' => 'zh-CN,zh;q=0.9',
  'accept-encoding' => 'gzip, deflate',
  'accept' => 'text/html,application/xhtml+xml,application/xml;q=0.9,image/webp,image/apng,*/*;q=0.8',
  'user-agent' => 'Mozilla/5.0 (Windows NT 10.0; Win64; x64) AppleWebKit/537.36 (KHTML, like Gecko) Chrome/66.0.3359.181 Safari/537.36',
  'upgrade-insecure-requests' => '1',
  'cache-control' => 'max-age=0',
  'connection' => 'close',
  'host' => 'www.gitcrm.com',
)
[ info ] [ PARAM ] array (
)
[ info ] [ SESSION ] INIT array (
  'id' => '',
  'var_session_id' => '',
  'prefix' => 'think',
  'type' => '',
  'auto_start' => true,
)
[ info ] [ DB ] INIT mysql
[ info ] [ RUN ] app\trader\controller\Index->index[ F:\gitcrm\admin\app\trader\controller\Index.php ]
[ info ] [ VIEW ] F:\gitcrm\admin\public/../app/trader\view\index\index.html [ array (
  0 => 'count',
) ]
[ info ] [ LOG ] INIT File
---------------------------------------------------------------
[ 2018-06-29T16:20:04+08:00 ] 127.0.0.1 GET /trader/Index/welcome
[ info ] www.gitcrm.com/trader/Index/welcome [运行时间：0.072335s][吞吐率：13.82req/s] [内存消耗：2,371.55kb] [文件加载：54]
[ info ] [ LANG ] F:\gitcrm\admin\thinkphp\lang\zh-cn.php
[ info ] [ ROUTE ] array (
  'type' => 'module',
  'module' => 
  array (
    0 => 'trader',
    1 => 'Index',
    2 => 'welcome',
  ),
)
[ info ] [ HEADER ] array (
  'cookie' => 'PHPSESSID=k2mbjrde2e9fl2ppt298ttmuf1',
  'accept-language' => 'zh-CN,zh;q=0.9',
  'accept-encoding' => 'gzip, deflate',
  'referer' => 'http://www.gitcrm.com/trader',
  'accept' => 'text/html,application/xhtml+xml,application/xml;q=0.9,image/webp,image/apng,*/*;q=0.8',
  'user-agent' => 'Mozilla/5.0 (Windows NT 10.0; Win64; x64) AppleWebKit/537.36 (KHTML, like Gecko) Chrome/66.0.3359.181 Safari/537.36',
  'upgrade-insecure-requests' => '1',
  'connection' => 'close',
  'host' => 'www.gitcrm.com',
)
[ info ] [ PARAM ] array (
)
[ info ] [ SESSION ] INIT array (
  'id' => '',
  'var_session_id' => '',
  'prefix' => 'think',
  'type' => '',
  'auto_start' => true,
)
[ info ] [ DB ] INIT mysql
[ info ] [ RUN ] app\trader\controller\Index->welcome[ F:\gitcrm\admin\app\trader\controller\Index.php ]
[ info ] [ VIEW ] F:\gitcrm\admin\public/../app/trader\view\index\index_v1.html [ array (
  0 => 'user_wallet',
  1 => 'profitTotal',
  2 => 'resSuccess',
  3 => 'resLotNum',
  4 => 'account',
) ]
[ info ] [ LOG ] INIT File
---------------------------------------------------------------
[ 2018-06-29T16:20:04+08:00 ] 127.0.0.1 GET /static/admin/css/bootstrap.min.css.map
[ info ] www.gitcrm.com/static/admin/css/bootstrap.min.css.map [运行时间：0.028210s][吞吐率：35.45req/s] [内存消耗：1,125.89kb] [文件加载：36]
[ info ] [ LANG ] F:\gitcrm\admin\thinkphp\lang\zh-cn.php
[ info ] [ ROUTE ] array (
  'type' => 'module',
  'module' => 
  array (
    0 => 'static',
    1 => 'admin',
    2 => 'css',
  ),
)
[ info ] [ HEADER ] array (
  'cookie' => 'PHPSESSID=k2mbjrde2e9fl2ppt298ttmuf1',
  'accept-language' => 'zh-CN,zh;q=0.9',
  'accept-encoding' => 'gzip, deflate',
  'user-agent' => 'Mozilla/5.0 (Windows NT 10.0; Win64; x64) AppleWebKit/537.36 (KHTML, like Gecko) Chrome/66.0.3359.181 Safari/537.36',
  'connection' => 'close',
  'host' => 'www.gitcrm.com',
)
[ info ] [ PARAM ] array (
)
[ info ] [ LOG ] INIT File
---------------------------------------------------------------
[ 2018-06-29T16:20:05+08:00 ] 127.0.0.1 GET /static/admin/css/bootstrap.min.css.map
[ info ] www.gitcrm.com/static/admin/css/bootstrap.min.css.map [运行时间：0.029897s][吞吐率：33.45req/s] [内存消耗：1,125.89kb] [文件加载：36]
[ info ] [ LANG ] F:\gitcrm\admin\thinkphp\lang\zh-cn.php
[ info ] [ ROUTE ] array (
  'type' => 'module',
  'module' => 
  array (
    0 => 'static',
    1 => 'admin',
    2 => 'css',
  ),
)
[ info ] [ HEADER ] array (
  'cookie' => 'PHPSESSID=k2mbjrde2e9fl2ppt298ttmuf1',
  'accept-language' => 'zh-CN,zh;q=0.9',
  'accept-encoding' => 'gzip, deflate',
  'user-agent' => 'Mozilla/5.0 (Windows NT 10.0; Win64; x64) AppleWebKit/537.36 (KHTML, like Gecko) Chrome/66.0.3359.181 Safari/537.36',
  'connection' => 'close',
  'host' => 'www.gitcrm.com',
)
[ info ] [ PARAM ] array (
)
[ info ] [ LOG ] INIT File
---------------------------------------------------------------
[ 2018-06-29T16:20:05+08:00 ] 127.0.0.1 GET /trader/index/getdate_list.html
[ info ] www.gitcrm.com/trader/index/getdate_list.html [运行时间：0.070609s][吞吐率：14.16req/s] [内存消耗：2,274.33kb] [文件加载：54]
[ info ] [ LANG ] F:\gitcrm\admin\thinkphp\lang\zh-cn.php
[ info ] [ ROUTE ] array (
  'type' => 'module',
  'module' => 
  array (
    0 => 'trader',
    1 => 'index',
    2 => 'getdate_list',
  ),
)
[ info ] [ HEADER ] array (
  'cookie' => 'PHPSESSID=k2mbjrde2e9fl2ppt298ttmuf1',
  'accept-language' => 'zh-CN,zh;q=0.9',
  'accept-encoding' => 'gzip, deflate',
  'referer' => 'http://www.gitcrm.com/trader/Index/welcome',
  'user-agent' => 'Mozilla/5.0 (Windows NT 10.0; Win64; x64) AppleWebKit/537.36 (KHTML, like Gecko) Chrome/66.0.3359.181 Safari/537.36',
  'x-requested-with' => 'XMLHttpRequest',
  'accept' => '*/*',
  'connection' => 'close',
  'host' => 'www.gitcrm.com',
)
[ info ] [ PARAM ] array (
)
[ info ] [ SESSION ] INIT array (
  'id' => '',
  'var_session_id' => '',
  'prefix' => 'think',
  'type' => '',
  'auto_start' => true,
)
[ info ] [ DB ] INIT mysql
[ info ] [ RUN ] app\trader\controller\Index->getDate_List[ F:\gitcrm\admin\app\trader\controller\Index.php ]
[ info ] [ LOG ] INIT File
---------------------------------------------------------------
[ 2018-06-29T16:20:09+08:00 ] 127.0.0.1 GET /trader/index/getdate_list.html
[ info ] www.gitcrm.com/trader/index/getdate_list.html [运行时间：0.068322s][吞吐率：14.64req/s] [内存消耗：2,475.55kb] [文件加载：60]
[ error ] [2]strip_tags() expects parameter 1 to be string, array given[F:\gitcrm\admin\runtime\temp\3d8b8ef358b205ce71ebe1cf8eca2d46.php:23]
[ info ] [ LANG ] F:\gitcrm\admin\thinkphp\lang\zh-cn.php
[ info ] [ ROUTE ] array (
  'type' => 'module',
  'module' => 
  array (
    0 => 'trader',
    1 => 'index',
    2 => 'getdate_list',
  ),
)
[ info ] [ HEADER ] array (
  'cookie' => 'PHPSESSID=k2mbjrde2e9fl2ppt298ttmuf1',
  'accept-language' => 'zh-CN,zh;q=0.9',
  'accept-encoding' => 'gzip, deflate',
  'accept' => 'text/html,application/xhtml+xml,application/xml;q=0.9,image/webp,image/apng,*/*;q=0.8',
  'user-agent' => 'Mozilla/5.0 (Windows NT 10.0; Win64; x64) AppleWebKit/537.36 (KHTML, like Gecko) Chrome/66.0.3359.181 Safari/537.36',
  'upgrade-insecure-requests' => '1',
  'connection' => 'close',
  'host' => 'www.gitcrm.com',
)
[ info ] [ PARAM ] array (
)
[ info ] [ SESSION ] INIT array (
  'id' => '',
  'var_session_id' => '',
  'prefix' => 'think',
  'type' => '',
  'auto_start' => true,
)
[ info ] [ DB ] INIT mysql
[ info ] [ RUN ] app\trader\controller\Index->getDate_List[ F:\gitcrm\admin\app\trader\controller\Index.php ]
[ info ] [ VIEW ] F:\gitcrm\admin\thinkphp\tpl\dispatch_jump.tpl [ array (
  0 => 'code',
  1 => 'msg',
  2 => 'data',
  3 => 'url',
  4 => 'wait',
) ]
[ info ] [ LOG ] INIT File
---------------------------------------------------------------
[ 2018-06-29T16:20:24+08:00 ] 127.0.0.1 GET /trader
[ info ] www.gitcrm.com/trader [运行时间：0.069300s][吞吐率：14.43req/s] [内存消耗：2,324.95kb] [文件加载：55]
[ info ] [ LANG ] F:\gitcrm\admin\thinkphp\lang\zh-cn.php
[ info ] [ ROUTE ] array (
  'type' => 'module',
  'module' => 
  array (
    0 => 'trader',
    1 => NULL,
    2 => NULL,
  ),
)
[ info ] [ HEADER ] array (
  'cookie' => 'PHPSESSID=k2mbjrde2e9fl2ppt298ttmuf1',
  'accept-language' => 'zh-CN,zh;q=0.9',
  'accept-encoding' => 'gzip, deflate',
  'accept' => 'text/html,application/xhtml+xml,application/xml;q=0.9,image/webp,image/apng,*/*;q=0.8',
  'user-agent' => 'Mozilla/5.0 (Windows NT 10.0; Win64; x64) AppleWebKit/537.36 (KHTML, like Gecko) Chrome/66.0.3359.181 Safari/537.36',
  'upgrade-insecure-requests' => '1',
  'cache-control' => 'max-age=0',
  'connection' => 'close',
  'host' => 'www.gitcrm.com',
)
[ info ] [ PARAM ] array (
)
[ info ] [ SESSION ] INIT array (
  'id' => '',
  'var_session_id' => '',
  'prefix' => 'think',
  'type' => '',
  'auto_start' => true,
)
[ info ] [ DB ] INIT mysql
[ info ] [ RUN ] app\trader\controller\Index->index[ F:\gitcrm\admin\app\trader\controller\Index.php ]
[ info ] [ VIEW ] F:\gitcrm\admin\public/../app/trader\view\index\index.html [ array (
  0 => 'count',
) ]
[ info ] [ LOG ] INIT File
---------------------------------------------------------------
[ 2018-06-29T16:20:25+08:00 ] 127.0.0.1 GET /trader/Index/welcome
[ info ] www.gitcrm.com/trader/Index/welcome [运行时间：0.075230s][吞吐率：13.29req/s] [内存消耗：2,371.50kb] [文件加载：54]
[ info ] [ LANG ] F:\gitcrm\admin\thinkphp\lang\zh-cn.php
[ info ] [ ROUTE ] array (
  'type' => 'module',
  'module' => 
  array (
    0 => 'trader',
    1 => 'Index',
    2 => 'welcome',
  ),
)
[ info ] [ HEADER ] array (
  'cookie' => 'PHPSESSID=k2mbjrde2e9fl2ppt298ttmuf1',
  'accept-language' => 'zh-CN,zh;q=0.9',
  'accept-encoding' => 'gzip, deflate',
  'referer' => 'http://www.gitcrm.com/trader',
  'accept' => 'text/html,application/xhtml+xml,application/xml;q=0.9,image/webp,image/apng,*/*;q=0.8',
  'user-agent' => 'Mozilla/5.0 (Windows NT 10.0; Win64; x64) AppleWebKit/537.36 (KHTML, like Gecko) Chrome/66.0.3359.181 Safari/537.36',
  'upgrade-insecure-requests' => '1',
  'connection' => 'close',
  'host' => 'www.gitcrm.com',
)
[ info ] [ PARAM ] array (
)
[ info ] [ SESSION ] INIT array (
  'id' => '',
  'var_session_id' => '',
  'prefix' => 'think',
  'type' => '',
  'auto_start' => true,
)
[ info ] [ DB ] INIT mysql
[ info ] [ RUN ] app\trader\controller\Index->welcome[ F:\gitcrm\admin\app\trader\controller\Index.php ]
[ info ] [ VIEW ] F:\gitcrm\admin\public/../app/trader\view\index\index_v1.html [ array (
  0 => 'user_wallet',
  1 => 'profitTotal',
  2 => 'resSuccess',
  3 => 'resLotNum',
  4 => 'account',
) ]
[ info ] [ LOG ] INIT File
---------------------------------------------------------------
[ 2018-06-29T16:20:25+08:00 ] 127.0.0.1 GET /static/admin/css/bootstrap.min.css.map
[ info ] www.gitcrm.com/static/admin/css/bootstrap.min.css.map [运行时间：0.030872s][吞吐率：32.39req/s] [内存消耗：1,125.89kb] [文件加载：36]
[ info ] [ LANG ] F:\gitcrm\admin\thinkphp\lang\zh-cn.php
[ info ] [ ROUTE ] array (
  'type' => 'module',
  'module' => 
  array (
    0 => 'static',
    1 => 'admin',
    2 => 'css',
  ),
)
[ info ] [ HEADER ] array (
  'cookie' => 'PHPSESSID=k2mbjrde2e9fl2ppt298ttmuf1',
  'accept-language' => 'zh-CN,zh;q=0.9',
  'accept-encoding' => 'gzip, deflate',
  'user-agent' => 'Mozilla/5.0 (Windows NT 10.0; Win64; x64) AppleWebKit/537.36 (KHTML, like Gecko) Chrome/66.0.3359.181 Safari/537.36',
  'connection' => 'close',
  'host' => 'www.gitcrm.com',
)
[ info ] [ PARAM ] array (
)
[ info ] [ LOG ] INIT File
---------------------------------------------------------------
[ 2018-06-29T16:20:25+08:00 ] 127.0.0.1 GET /static/admin/css/bootstrap.min.css.map
[ info ] www.gitcrm.com/static/admin/css/bootstrap.min.css.map [运行时间：0.028953s][吞吐率：34.54req/s] [内存消耗：1,125.89kb] [文件加载：36]
[ info ] [ LANG ] F:\gitcrm\admin\thinkphp\lang\zh-cn.php
[ info ] [ ROUTE ] array (
  'type' => 'module',
  'module' => 
  array (
    0 => 'static',
    1 => 'admin',
    2 => 'css',
  ),
)
[ info ] [ HEADER ] array (
  'cookie' => 'PHPSESSID=k2mbjrde2e9fl2ppt298ttmuf1',
  'accept-language' => 'zh-CN,zh;q=0.9',
  'accept-encoding' => 'gzip, deflate',
  'user-agent' => 'Mozilla/5.0 (Windows NT 10.0; Win64; x64) AppleWebKit/537.36 (KHTML, like Gecko) Chrome/66.0.3359.181 Safari/537.36',
  'connection' => 'close',
  'host' => 'www.gitcrm.com',
)
[ info ] [ PARAM ] array (
)
[ info ] [ LOG ] INIT File
---------------------------------------------------------------
[ 2018-06-29T16:20:25+08:00 ] 127.0.0.1 GET /trader/index/getdate_list.html
[ info ] www.gitcrm.com/trader/index/getdate_list.html [运行时间：0.063485s][吞吐率：15.75req/s] [内存消耗：2,274.28kb] [文件加载：54]
[ info ] [ LANG ] F:\gitcrm\admin\thinkphp\lang\zh-cn.php
[ info ] [ ROUTE ] array (
  'type' => 'module',
  'module' => 
  array (
    0 => 'trader',
    1 => 'index',
    2 => 'getdate_list',
  ),
)
[ info ] [ HEADER ] array (
  'cookie' => 'PHPSESSID=k2mbjrde2e9fl2ppt298ttmuf1',
  'accept-language' => 'zh-CN,zh;q=0.9',
  'accept-encoding' => 'gzip, deflate',
  'referer' => 'http://www.gitcrm.com/trader/Index/welcome',
  'user-agent' => 'Mozilla/5.0 (Windows NT 10.0; Win64; x64) AppleWebKit/537.36 (KHTML, like Gecko) Chrome/66.0.3359.181 Safari/537.36',
  'x-requested-with' => 'XMLHttpRequest',
  'accept' => '*/*',
  'connection' => 'close',
  'host' => 'www.gitcrm.com',
)
[ info ] [ PARAM ] array (
)
[ info ] [ SESSION ] INIT array (
  'id' => '',
  'var_session_id' => '',
  'prefix' => 'think',
  'type' => '',
  'auto_start' => true,
)
[ info ] [ DB ] INIT mysql
[ info ] [ RUN ] app\trader\controller\Index->getDate_List[ F:\gitcrm\admin\app\trader\controller\Index.php ]
[ info ] [ LOG ] INIT File
---------------------------------------------------------------
[ 2018-06-29T16:52:01+08:00 ] 127.0.0.1 GET /trader
[ info ] www.gitcrm.com/trader [运行时间：0.061543s][吞吐率：16.25req/s] [内存消耗：2,324.95kb] [文件加载：55]
[ info ] [ LANG ] F:\gitcrm\admin\thinkphp\lang\zh-cn.php
[ info ] [ ROUTE ] array (
  'type' => 'module',
  'module' => 
  array (
    0 => 'trader',
    1 => NULL,
    2 => NULL,
  ),
)
[ info ] [ HEADER ] array (
  'cookie' => 'PHPSESSID=k2mbjrde2e9fl2ppt298ttmuf1',
  'accept-language' => 'zh-CN,zh;q=0.9',
  'accept-encoding' => 'gzip, deflate',
  'accept' => 'text/html,application/xhtml+xml,application/xml;q=0.9,image/webp,image/apng,*/*;q=0.8',
  'user-agent' => 'Mozilla/5.0 (Windows NT 10.0; Win64; x64) AppleWebKit/537.36 (KHTML, like Gecko) Chrome/66.0.3359.181 Safari/537.36',
  'upgrade-insecure-requests' => '1',
  'cache-control' => 'max-age=0',
  'connection' => 'close',
  'host' => 'www.gitcrm.com',
)
[ info ] [ PARAM ] array (
)
[ info ] [ SESSION ] INIT array (
  'id' => '',
  'var_session_id' => '',
  'prefix' => 'think',
  'type' => '',
  'auto_start' => true,
)
[ info ] [ DB ] INIT mysql
[ info ] [ RUN ] app\trader\controller\Index->index[ F:\gitcrm\admin\app\trader\controller\Index.php ]
[ info ] [ VIEW ] F:\gitcrm\admin\public/../app/trader\view\index\index.html [ array (
  0 => 'count',
) ]
[ info ] [ LOG ] INIT File
---------------------------------------------------------------
[ 2018-06-29T16:52:01+08:00 ] 127.0.0.1 GET /trader/Index/welcome
[ info ] www.gitcrm.com/trader/Index/welcome [运行时间：0.071511s][吞吐率：13.98req/s] [内存消耗：2,371.50kb] [文件加载：54]
[ info ] [ LANG ] F:\gitcrm\admin\thinkphp\lang\zh-cn.php
[ info ] [ ROUTE ] array (
  'type' => 'module',
  'module' => 
  array (
    0 => 'trader',
    1 => 'Index',
    2 => 'welcome',
  ),
)
[ info ] [ HEADER ] array (
  'cookie' => 'PHPSESSID=k2mbjrde2e9fl2ppt298ttmuf1',
  'accept-language' => 'zh-CN,zh;q=0.9',
  'accept-encoding' => 'gzip, deflate',
  'referer' => 'http://www.gitcrm.com/trader',
  'accept' => 'text/html,application/xhtml+xml,application/xml;q=0.9,image/webp,image/apng,*/*;q=0.8',
  'user-agent' => 'Mozilla/5.0 (Windows NT 10.0; Win64; x64) AppleWebKit/537.36 (KHTML, like Gecko) Chrome/66.0.3359.181 Safari/537.36',
  'upgrade-insecure-requests' => '1',
  'connection' => 'close',
  'host' => 'www.gitcrm.com',
)
[ info ] [ PARAM ] array (
)
[ info ] [ SESSION ] INIT array (
  'id' => '',
  'var_session_id' => '',
  'prefix' => 'think',
  'type' => '',
  'auto_start' => true,
)
[ info ] [ DB ] INIT mysql
[ info ] [ RUN ] app\trader\controller\Index->welcome[ F:\gitcrm\admin\app\trader\controller\Index.php ]
[ info ] [ VIEW ] F:\gitcrm\admin\public/../app/trader\view\index\index_v1.html [ array (
  0 => 'user_wallet',
  1 => 'profitTotal',
  2 => 'resSuccess',
  3 => 'resLotNum',
  4 => 'account',
) ]
[ info ] [ LOG ] INIT File
---------------------------------------------------------------
[ 2018-06-29T16:52:02+08:00 ] 127.0.0.1 GET /static/admin/css/bootstrap.min.css.map
[ info ] www.gitcrm.com/static/admin/css/bootstrap.min.css.map [运行时间：0.030603s][吞吐率：32.68req/s] [内存消耗：1,125.89kb] [文件加载：36]
[ info ] [ LANG ] F:\gitcrm\admin\thinkphp\lang\zh-cn.php
[ info ] [ ROUTE ] array (
  'type' => 'module',
  'module' => 
  array (
    0 => 'static',
    1 => 'admin',
    2 => 'css',
  ),
)
[ info ] [ HEADER ] array (
  'cookie' => 'PHPSESSID=k2mbjrde2e9fl2ppt298ttmuf1',
  'accept-language' => 'zh-CN,zh;q=0.9',
  'accept-encoding' => 'gzip, deflate',
  'user-agent' => 'Mozilla/5.0 (Windows NT 10.0; Win64; x64) AppleWebKit/537.36 (KHTML, like Gecko) Chrome/66.0.3359.181 Safari/537.36',
  'connection' => 'close',
  'host' => 'www.gitcrm.com',
)
[ info ] [ PARAM ] array (
)
[ info ] [ LOG ] INIT File
---------------------------------------------------------------
[ 2018-06-29T16:52:02+08:00 ] 127.0.0.1 GET /static/admin/css/bootstrap.min.css.map
[ info ] www.gitcrm.com/static/admin/css/bootstrap.min.css.map [运行时间：0.028157s][吞吐率：35.52req/s] [内存消耗：1,125.89kb] [文件加载：36]
[ info ] [ LANG ] F:\gitcrm\admin\thinkphp\lang\zh-cn.php
[ info ] [ ROUTE ] array (
  'type' => 'module',
  'module' => 
  array (
    0 => 'static',
    1 => 'admin',
    2 => 'css',
  ),
)
[ info ] [ HEADER ] array (
  'cookie' => 'PHPSESSID=k2mbjrde2e9fl2ppt298ttmuf1',
  'accept-language' => 'zh-CN,zh;q=0.9',
  'accept-encoding' => 'gzip, deflate',
  'user-agent' => 'Mozilla/5.0 (Windows NT 10.0; Win64; x64) AppleWebKit/537.36 (KHTML, like Gecko) Chrome/66.0.3359.181 Safari/537.36',
  'connection' => 'close',
  'host' => 'www.gitcrm.com',
)
[ info ] [ PARAM ] array (
)
[ info ] [ LOG ] INIT File
---------------------------------------------------------------
[ 2018-06-29T16:52:02+08:00 ] 127.0.0.1 GET /trader/index/getdate_list.html
[ info ] www.gitcrm.com/trader/index/getdate_list.html [运行时间：0.063454s][吞吐率：15.76req/s] [内存消耗：2,274.28kb] [文件加载：54]
[ info ] [ LANG ] F:\gitcrm\admin\thinkphp\lang\zh-cn.php
[ info ] [ ROUTE ] array (
  'type' => 'module',
  'module' => 
  array (
    0 => 'trader',
    1 => 'index',
    2 => 'getdate_list',
  ),
)
[ info ] [ HEADER ] array (
  'cookie' => 'PHPSESSID=k2mbjrde2e9fl2ppt298ttmuf1',
  'accept-language' => 'zh-CN,zh;q=0.9',
  'accept-encoding' => 'gzip, deflate',
  'referer' => 'http://www.gitcrm.com/trader/Index/welcome',
  'user-agent' => 'Mozilla/5.0 (Windows NT 10.0; Win64; x64) AppleWebKit/537.36 (KHTML, like Gecko) Chrome/66.0.3359.181 Safari/537.36',
  'x-requested-with' => 'XMLHttpRequest',
  'accept' => '*/*',
  'connection' => 'close',
  'host' => 'www.gitcrm.com',
)
[ info ] [ PARAM ] array (
)
[ info ] [ SESSION ] INIT array (
  'id' => '',
  'var_session_id' => '',
  'prefix' => 'think',
  'type' => '',
  'auto_start' => true,
)
[ info ] [ DB ] INIT mysql
[ info ] [ RUN ] app\trader\controller\Index->getDate_List[ F:\gitcrm\admin\app\trader\controller\Index.php ]
[ info ] [ LOG ] INIT File
---------------------------------------------------------------
[ 2018-06-29T16:52:07+08:00 ] 127.0.0.1 GET /trader/brm/inmoney_list.html
[ info ] www.gitcrm.com/trader/brm/inmoney_list.html [运行时间：1.074802s][吞吐率：0.93req/s] [内存消耗：2,565.25kb] [文件加载：60]
[ info ] [ LANG ] F:\gitcrm\admin\thinkphp\lang\zh-cn.php
[ info ] [ ROUTE ] array (
  'type' => 'module',
  'module' => 
  array (
    0 => 'trader',
    1 => 'brm',
    2 => 'inmoney_list',
  ),
)
[ info ] [ HEADER ] array (
  'cookie' => 'PHPSESSID=k2mbjrde2e9fl2ppt298ttmuf1',
  'accept-language' => 'zh-CN,zh;q=0.9',
  'accept-encoding' => 'gzip, deflate',
  'referer' => 'http://www.gitcrm.com/trader',
  'accept' => 'text/html,application/xhtml+xml,application/xml;q=0.9,image/webp,image/apng,*/*;q=0.8',
  'user-agent' => 'Mozilla/5.0 (Windows NT 10.0; Win64; x64) AppleWebKit/537.36 (KHTML, like Gecko) Chrome/66.0.3359.181 Safari/537.36',
  'upgrade-insecure-requests' => '1',
  'connection' => 'close',
  'host' => 'www.gitcrm.com',
)
[ info ] [ PARAM ] array (
)
[ info ] [ DB ] INIT mysql
[ info ] [ RUN ] app\trader\controller\Brm->inmoney_list[ F:\gitcrm\admin\app\trader\controller\Brm.php ]
[ info ] [ SESSION ] INIT array (
  'id' => '',
  'var_session_id' => '',
  'prefix' => 'think',
  'type' => '',
  'auto_start' => true,
)
[ info ] [ VIEW ] F:\gitcrm\admin\public/../app/trader\view\brm\inmoney-list.html [ array (
  0 => 'inmoney_list',
) ]
[ info ] [ LOG ] INIT File
---------------------------------------------------------------
[ 2018-06-29T16:52:07+08:00 ] 127.0.0.1 GET /static/admin/css/bootstrap.min.css.map
[ info ] www.gitcrm.com/static/admin/css/bootstrap.min.css.map [运行时间：0.025818s][吞吐率：38.73req/s] [内存消耗：1,125.89kb] [文件加载：36]
[ info ] [ LANG ] F:\gitcrm\admin\thinkphp\lang\zh-cn.php
[ info ] [ ROUTE ] array (
  'type' => 'module',
  'module' => 
  array (
    0 => 'static',
    1 => 'admin',
    2 => 'css',
  ),
)
[ info ] [ HEADER ] array (
  'cookie' => 'PHPSESSID=k2mbjrde2e9fl2ppt298ttmuf1',
  'accept-language' => 'zh-CN,zh;q=0.9',
  'accept-encoding' => 'gzip, deflate',
  'user-agent' => 'Mozilla/5.0 (Windows NT 10.0; Win64; x64) AppleWebKit/537.36 (KHTML, like Gecko) Chrome/66.0.3359.181 Safari/537.36',
  'connection' => 'close',
  'host' => 'www.gitcrm.com',
)
[ info ] [ PARAM ] array (
)
[ info ] [ LOG ] INIT File
---------------------------------------------------------------
[ 2018-06-29T16:52:10+08:00 ] 127.0.0.1 GET /trader/trader/trader_list.html
[ info ] www.gitcrm.com/trader/trader/trader_list.html [运行时间：0.125542s][吞吐率：7.97req/s] [内存消耗：2,565.19kb] [文件加载：59]
[ info ] [ LANG ] F:\gitcrm\admin\thinkphp\lang\zh-cn.php
[ info ] [ ROUTE ] array (
  'type' => 'module',
  'module' => 
  array (
    0 => 'trader',
    1 => 'trader',
    2 => 'trader_list',
  ),
)
[ info ] [ HEADER ] array (
  'cookie' => 'PHPSESSID=k2mbjrde2e9fl2ppt298ttmuf1',
  'accept-language' => 'zh-CN,zh;q=0.9',
  'accept-encoding' => 'gzip, deflate',
  'referer' => 'http://www.gitcrm.com/trader',
  'accept' => 'text/html,application/xhtml+xml,application/xml;q=0.9,image/webp,image/apng,*/*;q=0.8',
  'user-agent' => 'Mozilla/5.0 (Windows NT 10.0; Win64; x64) AppleWebKit/537.36 (KHTML, like Gecko) Chrome/66.0.3359.181 Safari/537.36',
  'upgrade-insecure-requests' => '1',
  'connection' => 'close',
  'host' => 'www.gitcrm.com',
)
[ info ] [ PARAM ] array (
)
[ info ] [ SESSION ] INIT array (
  'id' => '',
  'var_session_id' => '',
  'prefix' => 'think',
  'type' => '',
  'auto_start' => true,
)
[ info ] [ DB ] INIT mysql
[ info ] [ RUN ] app\trader\controller\Trader->trader_list[ F:\gitcrm\admin\app\trader\controller\Trader.php ]
[ info ] [ VIEW ] F:\gitcrm\admin\public/../app/trader\view\trader\trader-list.html [ array (
  0 => 'trader_list',
) ]
[ info ] [ LOG ] INIT File
---------------------------------------------------------------
[ 2018-06-29T16:52:10+08:00 ] 127.0.0.1 GET /static/admin/css/bootstrap.min.css.map
[ info ] www.gitcrm.com/static/admin/css/bootstrap.min.css.map [运行时间：0.025856s][吞吐率：38.68req/s] [内存消耗：1,125.89kb] [文件加载：36]
[ info ] [ LANG ] F:\gitcrm\admin\thinkphp\lang\zh-cn.php
[ info ] [ ROUTE ] array (
  'type' => 'module',
  'module' => 
  array (
    0 => 'static',
    1 => 'admin',
    2 => 'css',
  ),
)
[ info ] [ HEADER ] array (
  'cookie' => 'PHPSESSID=k2mbjrde2e9fl2ppt298ttmuf1',
  'accept-language' => 'zh-CN,zh;q=0.9',
  'accept-encoding' => 'gzip, deflate',
  'user-agent' => 'Mozilla/5.0 (Windows NT 10.0; Win64; x64) AppleWebKit/537.36 (KHTML, like Gecko) Chrome/66.0.3359.181 Safari/537.36',
  'connection' => 'close',
  'host' => 'www.gitcrm.com',
)
[ info ] [ PARAM ] array (
)
[ info ] [ LOG ] INIT File
---------------------------------------------------------------
[ 2018-06-29T16:52:11+08:00 ] 127.0.0.1 GET /trader/index/welcome.html
[ info ] www.gitcrm.com/trader/index/welcome.html [运行时间：0.065817s][吞吐率：15.19req/s] [内存消耗：2,371.66kb] [文件加载：54]
[ info ] [ LANG ] F:\gitcrm\admin\thinkphp\lang\zh-cn.php
[ info ] [ ROUTE ] array (
  'type' => 'module',
  'module' => 
  array (
    0 => 'trader',
    1 => 'index',
    2 => 'welcome',
  ),
)
[ info ] [ HEADER ] array (
  'cookie' => 'PHPSESSID=k2mbjrde2e9fl2ppt298ttmuf1',
  'accept-language' => 'zh-CN,zh;q=0.9',
  'accept-encoding' => 'gzip, deflate',
  'referer' => 'http://www.gitcrm.com/trader',
  'accept' => 'text/html,application/xhtml+xml,application/xml;q=0.9,image/webp,image/apng,*/*;q=0.8',
  'user-agent' => 'Mozilla/5.0 (Windows NT 10.0; Win64; x64) AppleWebKit/537.36 (KHTML, like Gecko) Chrome/66.0.3359.181 Safari/537.36',
  'upgrade-insecure-requests' => '1',
  'connection' => 'close',
  'host' => 'www.gitcrm.com',
)
[ info ] [ PARAM ] array (
)
[ info ] [ SESSION ] INIT array (
  'id' => '',
  'var_session_id' => '',
  'prefix' => 'think',
  'type' => '',
  'auto_start' => true,
)
[ info ] [ DB ] INIT mysql
[ info ] [ RUN ] app\trader\controller\Index->welcome[ F:\gitcrm\admin\app\trader\controller\Index.php ]
[ info ] [ VIEW ] F:\gitcrm\admin\public/../app/trader\view\index\index_v1.html [ array (
  0 => 'user_wallet',
  1 => 'profitTotal',
  2 => 'resSuccess',
  3 => 'resLotNum',
  4 => 'account',
) ]
[ info ] [ LOG ] INIT File
---------------------------------------------------------------
[ 2018-06-29T16:52:11+08:00 ] 127.0.0.1 GET /static/admin/css/bootstrap.min.css.map
[ info ] www.gitcrm.com/static/admin/css/bootstrap.min.css.map [运行时间：0.028465s][吞吐率：35.13req/s] [内存消耗：1,125.89kb] [文件加载：36]
[ info ] [ LANG ] F:\gitcrm\admin\thinkphp\lang\zh-cn.php
[ info ] [ ROUTE ] array (
  'type' => 'module',
  'module' => 
  array (
    0 => 'static',
    1 => 'admin',
    2 => 'css',
  ),
)
[ info ] [ HEADER ] array (
  'cookie' => 'PHPSESSID=k2mbjrde2e9fl2ppt298ttmuf1',
  'accept-language' => 'zh-CN,zh;q=0.9',
  'accept-encoding' => 'gzip, deflate',
  'user-agent' => 'Mozilla/5.0 (Windows NT 10.0; Win64; x64) AppleWebKit/537.36 (KHTML, like Gecko) Chrome/66.0.3359.181 Safari/537.36',
  'connection' => 'close',
  'host' => 'www.gitcrm.com',
)
[ info ] [ PARAM ] array (
)
[ info ] [ LOG ] INIT File
---------------------------------------------------------------
[ 2018-06-29T16:52:12+08:00 ] 127.0.0.1 GET /trader/index/getdate_list.html
[ info ] www.gitcrm.com/trader/index/getdate_list.html [运行时间：0.060521s][吞吐率：16.52req/s] [内存消耗：2,274.28kb] [文件加载：54]
[ info ] [ LANG ] F:\gitcrm\admin\thinkphp\lang\zh-cn.php
[ info ] [ ROUTE ] array (
  'type' => 'module',
  'module' => 
  array (
    0 => 'trader',
    1 => 'index',
    2 => 'getdate_list',
  ),
)
[ info ] [ HEADER ] array (
  'cookie' => 'PHPSESSID=k2mbjrde2e9fl2ppt298ttmuf1',
  'accept-language' => 'zh-CN,zh;q=0.9',
  'accept-encoding' => 'gzip, deflate',
  'referer' => 'http://www.gitcrm.com/trader/index/welcome.html',
  'user-agent' => 'Mozilla/5.0 (Windows NT 10.0; Win64; x64) AppleWebKit/537.36 (KHTML, like Gecko) Chrome/66.0.3359.181 Safari/537.36',
  'x-requested-with' => 'XMLHttpRequest',
  'accept' => '*/*',
  'connection' => 'close',
  'host' => 'www.gitcrm.com',
)
[ info ] [ PARAM ] array (
)
[ info ] [ SESSION ] INIT array (
  'id' => '',
  'var_session_id' => '',
  'prefix' => 'think',
  'type' => '',
  'auto_start' => true,
)
[ info ] [ DB ] INIT mysql
[ info ] [ RUN ] app\trader\controller\Index->getDate_List[ F:\gitcrm\admin\app\trader\controller\Index.php ]
[ info ] [ LOG ] INIT File
