---------------------------------------------------------------
[ 2018-07-03T09:26:13+08:00 ] 127.0.0.1 GET /
[ info ] www.gitcrm.com/ [运行时间：0.065378s][吞吐率：15.30req/s] [内存消耗：1,322.55kb] [文件加载：44]
[ info ] [ LANG ] F:\gitcrm\admin\thinkphp\lang\zh-cn.php
[ info ] [ ROUTE ] array (
  'type' => 'module',
  'module' => 
  array (
    0 => '',
    1 => NULL,
    2 => NULL,
  ),
)
[ info ] [ HEADER ] array (
  'accept-language' => 'zh-CN,zh;q=0.9',
  'accept-encoding' => 'gzip, deflate',
  'accept' => 'text/html,application/xhtml+xml,application/xml;q=0.9,image/webp,image/apng,*/*;q=0.8',
  'user-agent' => 'Mozilla/5.0 (Windows NT 10.0; Win64; x64) AppleWebKit/537.36 (KHTML, like Gecko) Chrome/66.0.3359.181 Safari/537.36',
  'upgrade-insecure-requests' => '1',
  'connection' => 'close',
  'host' => 'www.gitcrm.com',
)
[ info ] [ PARAM ] array (
)
[ info ] [ SESSION ] INIT array (
  'id' => '',
  'var_session_id' => '',
  'prefix' => 'think',
  'type' => '',
  'auto_start' => true,
)
[ info ] [ LOG ] INIT File
---------------------------------------------------------------
[ 2018-07-03T09:26:13+08:00 ] 127.0.0.1 GET /index/login/login.html
[ info ] www.gitcrm.com/index/login/login.html [运行时间：0.042881s][吞吐率：23.32req/s] [内存消耗：1,325.64kb] [文件加载：42]
[ info ] [ LANG ] F:\gitcrm\admin\thinkphp\lang\zh-cn.php
[ info ] [ ROUTE ] array (
  'type' => 'module',
  'module' => 
  array (
    0 => 'index',
    1 => 'login',
    2 => 'login',
  ),
)
[ info ] [ HEADER ] array (
  'cookie' => 'PHPSESSID=o8t9abqlgc977smdppqa9r46m1',
  'accept-language' => 'zh-CN,zh;q=0.9',
  'accept-encoding' => 'gzip, deflate',
  'accept' => 'text/html,application/xhtml+xml,application/xml;q=0.9,image/webp,image/apng,*/*;q=0.8',
  'user-agent' => 'Mozilla/5.0 (Windows NT 10.0; Win64; x64) AppleWebKit/537.36 (KHTML, like Gecko) Chrome/66.0.3359.181 Safari/537.36',
  'upgrade-insecure-requests' => '1',
  'connection' => 'close',
  'host' => 'www.gitcrm.com',
)
[ info ] [ PARAM ] array (
)
[ info ] [ RUN ] app\index\controller\Login->login[ F:\gitcrm\admin\app\index\controller\Login.php ]
[ info ] [ VIEW ] F:\gitcrm\admin\public/../app/index\view\index\login.html [ array (
) ]
[ info ] [ SESSION ] INIT array (
  'id' => '',
  'var_session_id' => '',
  'prefix' => 'think',
  'type' => '',
  'auto_start' => true,
)
[ info ] [ LOG ] INIT File
